<?xml version="1.0" encoding="UTF-8"?>
<!-- Generated by org.testng.reporters.JUnitReportReporter -->
<testsuite hostname="DESKTOP-PBIIE30" failures="0" tests="3" name="com.ddf.test.LoginTest.loginTest_v1" time="113.493" errors="0" timestamp="2021-10-13T23:43:35 IST" skipped="0">
  <testcase classname="com.ddf.test.LoginTest.loginTest_v1" name="testTwo" time="47.171"/>
  <system-out/>
  <testcase classname="com.ddf.test.LoginTest.loginTest_v1" name="testOne" time="28.382"/>
  <system-out/>
  <testcase classname="com.ddf.test.LoginTest.loginTest_v1" name="testThree" time="37.940"/>
  <system-out/>
</testsuite> <!-- com.ddf.test.LoginTest.loginTest_v1 -->
