<?xml version="1.0" encoding="UTF-8"?>
<!-- Generated by org.testng.reporters.JUnitReportReporter -->
<testsuite hostname="DESKTOP-PBIIE30" failures="0" tests="1" name="com.ddf.test.LoginTest.loginTest_v3" time="231.148" errors="0" timestamp="2021-10-14T23:30:49 IST" skipped="0">
  <testcase classname="com.ddf.test.LoginTest.loginTest_v3" name="testOne" time="231.148"/>
  <system-out/>
</testsuite> <!-- com.ddf.test.LoginTest.loginTest_v3 -->
