<?xml version="1.0" encoding="UTF-8"?>
<!-- Generated by org.testng.reporters.JUnitReportReporter -->
<testsuite hostname="DESKTOP-PBIIE30" failures="0" tests="1" name="com.ddf.test.LoginTest.loginTest_v6" time="16.881" errors="0" timestamp="2021-10-14T00:19:37 IST" skipped="0">
  <testcase classname="com.ddf.test.LoginTest.loginTest_v6" name="testOne" time="16.881"/>
  <system-out/>
</testsuite> <!-- com.ddf.test.LoginTest.loginTest_v6 -->
