<?xml version="1.0" encoding="UTF-8"?>
<!-- Generated by org.testng.reporters.JUnitReportReporter -->
<testsuite hostname="DESKTOP-PBIIE30" failures="0" tests="1" name="com.ddf.test.LoginTest.loginTest_v3_1_xml_OR" time="130.529" errors="0" timestamp="2021-10-15T00:38:02 IST" skipped="0">
  <testcase classname="com.ddf.test.LoginTest.loginTest_v3_1_xml_OR" name="testOne" time="130.529"/>
  <system-out/>
</testsuite> <!-- com.ddf.test.LoginTest.loginTest_v3_1_xml_OR -->
