<?xml version="1.0" encoding="UTF-8"?>
<!-- Generated by org.testng.reporters.JUnitReportReporter -->
<testsuite hostname="DESKTOP-PBIIE30" failures="0" tests="3" name="com.ddf.test.LoginTest.loginTest_v2" time="53.764" errors="0" timestamp="2021-10-13T23:45:01 IST" skipped="0">
  <testcase classname="com.ddf.test.LoginTest.loginTest_v2" name="testTwo" time="13.170"/>
  <system-out/>
  <testcase classname="com.ddf.test.LoginTest.loginTest_v2" name="testOne" time="23.332"/>
  <system-out/>
  <testcase classname="com.ddf.test.LoginTest.loginTest_v2" name="testThree" time="17.262"/>
  <system-out/>
</testsuite> <!-- com.ddf.test.LoginTest.loginTest_v2 -->
