<?xml version="1.0" encoding="UTF-8"?>
<!-- Generated by org.testng.reporters.JUnitReportReporter -->
<testsuite hostname="DESKTOP-PBIIE30" failures="0" tests="1" name="com.ddf.test.LoginTest.temp_prop" time="0.016" errors="0" timestamp="2021-10-10T21:35:09 IST" skipped="0">
  <testcase classname="com.ddf.test.LoginTest.temp_prop" name="readprop" time="0.016"/>
  <system-out/>
</testsuite> <!-- com.ddf.test.LoginTest.temp_prop -->
